[0m[[0mdebug[0m] [0mForking tests - parallelism = false[0m
[0m[[0mdebug[0m] [0mCreate a single-thread test executor[0m
[0m[[0mdebug[0m] [0mRunner for sbt.FrameworkWrapper produced 0 initial tasks for 0 tests.[0m
[0m[[0mdebug[0m] [0mRunner for org.scalatest.tools.Framework produced 4 initial tasks for 4 tests.[0m
[0m[[0mdebug[0m] [0m  Running TaskDef(org.apache.spark.sql.execution.DiskPartitionSuite, sbt.ForkMain$SubclassFingerscan@2af2db5b, false, [SuiteSelector])[0m
[0m[[0minfo[0m] [0m[32mDiskPartitionSuite:[0m[0m
[0m[[0minfo[0m] [0m[31m- disk partition *** FAILED *** (147 milliseconds)[0m[0m
[0m[[0minfo[0m] [0m[31m  Row;() did not contain GenericRow(1) (DiskPartitionSuite.scala:20)[0m[0m
[0m[[0minfo[0m] [0m[31m  org.scalatest.exceptions.TestFailedException:[0m[0m
[0m[[0minfo[0m] [0m[31m  at org.scalatest.Assertions$class.newAssertionFailedException(Assertions.scala:500)[0m[0m
[0m[[0minfo[0m] [0m[31m  at org.scalatest.FunSuite.newAssertionFailedException(FunSuite.scala:1555)[0m[0m
[0m[[0minfo[0m] [0m[31m  at org.scalatest.Assertions$AssertionsHelper.macroAssert(Assertions.scala:466)[0m[0m
[0m[[0minfo[0m] [0m[31m  at org.apache.spark.sql.execution.DiskPartitionSuite$$anonfun$1$$anonfun$apply$mcV$sp$2.apply$mcVI$sp(DiskPartitionSuite.scala:20)[0m[0m
[0m[[0minfo[0m] [0m[31m  at scala.collection.immutable.Range.foreach$mVc$sp(Range.scala:141)[0m[0m
[0m[[0minfo[0m] [0m[31m  at org.apache.spark.sql.execution.DiskPartitionSuite$$anonfun$1.apply$mcV$sp(DiskPartitionSuite.scala:20)[0m[0m
[0m[[0minfo[0m] [0m[31m  at org.apache.spark.sql.execution.DiskPartitionSuite$$anonfun$1.apply(DiskPartitionSuite.scala:10)[0m[0m
[0m[[0minfo[0m] [0m[31m  at org.apache.spark.sql.execution.DiskPartitionSuite$$anonfun$1.apply(DiskPartitionSuite.scala:10)[0m[0m
[0m[[0minfo[0m] [0m[31m  at org.scalatest.Transformer$$anonfun$apply$1.apply$mcV$sp(Transformer.scala:22)[0m[0m
[0m[[0minfo[0m] [0m[31m  at org.scalatest.OutcomeOf$class.outcomeOf(OutcomeOf.scala:85)[0m[0m
[0m[[0minfo[0m] [0m[31m  at org.scalatest.OutcomeOf$.outcomeOf(OutcomeOf.scala:104)[0m[0m
[0m[[0minfo[0m] [0m[31m  at org.scalatest.Transformer.apply(Transformer.scala:22)[0m[0m
[0m[[0minfo[0m] [0m[31m  at org.scalatest.Transformer.apply(Transformer.scala:20)[0m[0m
[0m[[0minfo[0m] [0m[31m  at org.scalatest.FunSuiteLike$$anon$1.apply(FunSuiteLike.scala:166)[0m[0m
[0m[[0minfo[0m] [0m[31m  at org.scalatest.Suite$class.withFixture(Suite.scala:1122)[0m[0m
[0m[[0minfo[0m] [0m[31m  at org.scalatest.FunSuite.withFixture(FunSuite.scala:1555)[0m[0m
[0m[[0minfo[0m] [0m[31m  at org.scalatest.FunSuiteLike$class.invokeWithFixture$1(FunSuiteLike.scala:163)[0m[0m
[0m[[0minfo[0m] [0m[31m  at org.scalatest.FunSuiteLike$$anonfun$runTest$1.apply(FunSuiteLike.scala:175)[0m[0m
[0m[[0minfo[0m] [0m[31m  at org.scalatest.FunSuiteLike$$anonfun$runTest$1.apply(FunSuiteLike.scala:175)[0m[0m
[0m[[0minfo[0m] [0m[31m  at org.scalatest.SuperEngine.runTestImpl(Engine.scala:306)[0m[0m
[0m[[0minfo[0m] [0m[31m  at org.scalatest.FunSuiteLike$class.runTest(FunSuiteLike.scala:175)[0m[0m
[0m[[0minfo[0m] [0m[31m  at org.scalatest.FunSuite.runTest(FunSuite.scala:1555)[0m[0m
[0m[[0minfo[0m] [0m[31m  at org.scalatest.FunSuiteLike$$anonfun$runTests$1.apply(FunSuiteLike.scala:208)[0m[0m
[0m[[0minfo[0m] [0m[31m  at org.scalatest.FunSuiteLike$$anonfun$runTests$1.apply(FunSuiteLike.scala:208)[0m[0m
[0m[[0minfo[0m] [0m[31m  at org.scalatest.SuperEngine$$anonfun$traverseSubNodes$1$1.apply(Engine.scala:413)[0m[0m
[0m[[0minfo[0m] [0m[31m  at org.scalatest.SuperEngine$$anonfun$traverseSubNodes$1$1.apply(Engine.scala:401)[0m[0m
[0m[[0minfo[0m] [0m[31m  at scala.collection.immutable.List.foreach(List.scala:318)[0m[0m
[0m[[0minfo[0m] [0m[31m  at org.scalatest.SuperEngine.traverseSubNodes$1(Engine.scala:401)[0m[0m
[0m[[0minfo[0m] [0m[31m  at org.scalatest.SuperEngine.org$scalatest$SuperEngine$$runTestsInBranch(Engine.scala:396)[0m[0m
[0m[[0minfo[0m] [0m[31m  at org.scalatest.SuperEngine.runTestsImpl(Engine.scala:483)[0m[0m
[0m[[0minfo[0m] [0m[31m  at org.scalatest.FunSuiteLike$class.runTests(FunSuiteLike.scala:208)[0m[0m
[0m[[0minfo[0m] [0m[31m  at org.scalatest.FunSuite.runTests(FunSuite.scala:1555)[0m[0m
[0m[[0minfo[0m] [0m[31m  at org.scalatest.Suite$class.run(Suite.scala:1424)[0m[0m
[0m[[0minfo[0m] [0m[31m  at org.scalatest.FunSuite.org$scalatest$FunSuiteLike$$super$run(FunSuite.scala:1555)[0m[0m
[0m[[0minfo[0m] [0m[31m  at org.scalatest.FunSuiteLike$$anonfun$run$1.apply(FunSuiteLike.scala:212)[0m[0m
[0m[[0minfo[0m] [0m[31m  at org.scalatest.FunSuiteLike$$anonfun$run$1.apply(FunSuiteLike.scala:212)[0m[0m
[0m[[0minfo[0m] [0m[31m  at org.scalatest.SuperEngine.runImpl(Engine.scala:545)[0m[0m
[0m[[0minfo[0m] [0m[31m  at org.scalatest.FunSuiteLike$class.run(FunSuiteLike.scala:212)[0m[0m
[0m[[0minfo[0m] [0m[31m  at org.scalatest.FunSuite.run(FunSuite.scala:1555)[0m[0m
[0m[[0minfo[0m] [0m[31m  at org.scalatest.tools.Framework.org$scalatest$tools$Framework$$runSuite(Framework.scala:462)[0m[0m
[0m[[0minfo[0m] [0m[31m  at org.scalatest.tools.Framework$ScalaTestTask.execute(Framework.scala:671)[0m[0m
[0m[[0minfo[0m] [0m[31m  at sbt.ForkMain$Run$2.call(ForkMain.java:294)[0m[0m
[0m[[0minfo[0m] [0m[31m  at sbt.ForkMain$Run$2.call(ForkMain.java:284)[0m[0m
[0m[[0minfo[0m] [0m[31m  at java.util.concurrent.FutureTask.run(FutureTask.java:266)[0m[0m
[0m[[0minfo[0m] [0m[31m  at java.util.concurrent.ThreadPoolExecutor.runWorker(ThreadPoolExecutor.java:1142)[0m[0m
[0m[[0minfo[0m] [0m[31m  at java.util.concurrent.ThreadPoolExecutor$Worker.run(ThreadPoolExecutor.java:617)[0m[0m
[0m[[0minfo[0m] [0m[31m  at java.lang.Thread.run(Thread.java:745)[0m[0m
[0m[[0minfo[0m] [0m[31m- close input *** FAILED *** (4 milliseconds)[0m[0m
[0m[[0minfo[0m] [0m[31m  Expected exception org.apache.spark.SparkException to be thrown, but no exception was thrown. (DiskPartitionSuite.scala:32)[0m[0m
[0m[[0minfo[0m] [0m[31m  org.scalatest.exceptions.TestFailedException:[0m[0m
[0m[[0minfo[0m] [0m[31m  at org.scalatest.Assertions$class.newAssertionFailedException(Assertions.scala:495)[0m[0m
[0m[[0minfo[0m] [0m[31m  at org.scalatest.FunSuite.newAssertionFailedException(FunSuite.scala:1555)[0m[0m
[0m[[0minfo[0m] [0m[31m  at org.scalatest.Assertions$class.intercept(Assertions.scala:1014)[0m[0m
[0m[[0minfo[0m] [0m[31m  at org.scalatest.FunSuite.intercept(FunSuite.scala:1555)[0m[0m
[0m[[0minfo[0m] [0m[31m  at org.apache.spark.sql.execution.DiskPartitionSuite$$anonfun$2.apply$mcV$sp(DiskPartitionSuite.scala:32)[0m[0m
[0m[[0minfo[0m] [0m[31m  at org.apache.spark.sql.execution.DiskPartitionSuite$$anonfun$2.apply(DiskPartitionSuite.scala:23)[0m[0m
[0m[[0minfo[0m] [0m[31m  at org.apache.spark.sql.execution.DiskPartitionSuite$$anonfun$2.apply(DiskPartitionSuite.scala:23)[0m[0m
[0m[[0minfo[0m] [0m[31m  at org.scalatest.Transformer$$anonfun$apply$1.apply$mcV$sp(Transformer.scala:22)[0m[0m
[0m[[0minfo[0m] [0m[31m  at org.scalatest.OutcomeOf$class.outcomeOf(OutcomeOf.scala:85)[0m[0m
[0m[[0minfo[0m] [0m[31m  at org.scalatest.OutcomeOf$.outcomeOf(OutcomeOf.scala:104)[0m[0m
[0m[[0minfo[0m] [0m[31m  at org.scalatest.Transformer.apply(Transformer.scala:22)[0m[0m
[0m[[0minfo[0m] [0m[31m  at org.scalatest.Transformer.apply(Transformer.scala:20)[0m[0m
[0m[[0minfo[0m] [0m[31m  at org.scalatest.FunSuiteLike$$anon$1.apply(FunSuiteLike.scala:166)[0m[0m
[0m[[0minfo[0m] [0m[31m  at org.scalatest.Suite$class.withFixture(Suite.scala:1122)[0m[0m
[0m[[0minfo[0m] [0m[31m  at org.scalatest.FunSuite.withFixture(FunSuite.scala:1555)[0m[0m
[0m[[0minfo[0m] [0m[31m  at org.scalatest.FunSuiteLike$class.invokeWithFixture$1(FunSuiteLike.scala:163)[0m[0m
[0m[[0minfo[0m] [0m[31m  at org.scalatest.FunSuiteLike$$anonfun$runTest$1.apply(FunSuiteLike.scala:175)[0m[0m
[0m[[0minfo[0m] [0m[31m  at org.scalatest.FunSuiteLike$$anonfun$runTest$1.apply(FunSuiteLike.scala:175)[0m[0m
[0m[[0minfo[0m] [0m[31m  at org.scalatest.SuperEngine.runTestImpl(Engine.scala:306)[0m[0m
[0m[[0minfo[0m] [0m[31m  at org.scalatest.FunSuiteLike$class.runTest(FunSuiteLike.scala:175)[0m[0m
[0m[[0minfo[0m] [0m[31m  at org.scalatest.FunSuite.runTest(FunSuite.scala:1555)[0m[0m
[0m[[0minfo[0m] [0m[31m  at org.scalatest.FunSuiteLike$$anonfun$runTests$1.apply(FunSuiteLike.scala:208)[0m[0m
[0m[[0minfo[0m] [0m[31m  at org.scalatest.FunSuiteLike$$anonfun$runTests$1.apply(FunSuiteLike.scala:208)[0m[0m
[0m[[0minfo[0m] [0m[31m  at org.scalatest.SuperEngine$$anonfun$traverseSubNodes$1$1.apply(Engine.scala:413)[0m[0m
[0m[[0minfo[0m] [0m[31m  at org.scalatest.SuperEngine$$anonfun$traverseSubNodes$1$1.apply(Engine.scala:401)[0m[0m
[0m[[0minfo[0m] [0m[31m  at scala.collection.immutable.List.foreach(List.scala:318)[0m[0m
[0m[[0minfo[0m] [0m[31m  at org.scalatest.SuperEngine.traverseSubNodes$1(Engine.scala:401)[0m[0m
[0m[[0minfo[0m] [0m[31m  at org.scalatest.SuperEngine.org$scalatest$SuperEngine$$runTestsInBranch(Engine.scala:396)[0m[0m
[0m[[0minfo[0m] [0m[31m  at org.scalatest.SuperEngine.runTestsImpl(Engine.scala:483)[0m[0m
[0m[[0minfo[0m] [0m[31m  at org.scalatest.FunSuiteLike$class.runTests(FunSuiteLike.scala:208)[0m[0m
[0m[[0minfo[0m] [0m[31m  at org.scalatest.FunSuite.runTests(FunSuite.scala:1555)[0m[0m
[0m[[0minfo[0m] [0m[31m  at org.scalatest.Suite$class.run(Suite.scala:1424)[0m[0m
[0m[[0minfo[0m] [0m[31m  at org.scalatest.FunSuite.org$scalatest$FunSuiteLike$$super$run(FunSuite.scala:1555)[0m[0m
[0m[[0minfo[0m] [0m[31m  at org.scalatest.FunSuiteLike$$anonfun$run$1.apply(FunSuiteLike.scala:212)[0m[0m
[0m[[0minfo[0m] [0m[31m  at org.scalatest.FunSuiteLike$$anonfun$run$1.apply(FunSuiteLike.scala:212)[0m[0m
[0m[[0minfo[0m] [0m[31m  at org.scalatest.SuperEngine.runImpl(Engine.scala:545)[0m[0m
[0m[[0minfo[0m] [0m[31m  at org.scalatest.FunSuiteLike$class.run(FunSuiteLike.scala:212)[0m[0m
[0m[[0minfo[0m] [0m[31m  at org.scalatest.FunSuite.run(FunSuite.scala:1555)[0m[0m
[0m[[0minfo[0m] [0m[31m  at org.scalatest.tools.Framework.org$scalatest$tools$Framework$$runSuite(Framework.scala:462)[0m[0m
[0m[[0minfo[0m] [0m[31m  at org.scalatest.tools.Framework$ScalaTestTask.execute(Framework.scala:671)[0m[0m
[0m[[0minfo[0m] [0m[31m  at sbt.ForkMain$Run$2.call(ForkMain.java:294)[0m[0m
[0m[[0minfo[0m] [0m[31m  at sbt.ForkMain$Run$2.call(ForkMain.java:284)[0m[0m
[0m[[0minfo[0m] [0m[31m  at java.util.concurrent.FutureTask.run(FutureTask.java:266)[0m[0m
[0m[[0minfo[0m] [0m[31m  at java.util.concurrent.ThreadPoolExecutor.runWorker(ThreadPoolExecutor.java:1142)[0m[0m
[0m[[0minfo[0m] [0m[31m  at java.util.concurrent.ThreadPoolExecutor$Worker.run(ThreadPoolExecutor.java:617)[0m[0m
[0m[[0minfo[0m] [0m[31m  at java.lang.Thread.run(Thread.java:745)[0m[0m
[0m[[0mdebug[0m] [0m    Produced 0 nested tasks and 2 events.[0m
[0m[[0mdebug[0m] [0m  Running TaskDef(org.apache.spark.sql.execution.DiskHashedRelationSuite, sbt.ForkMain$SubclassFingerscan@33b2283, false, [SuiteSelector])[0m
[0m[[0minfo[0m] [0m[32mDiskHashedRelationSuite:[0m[0m
[0m[[0minfo[0m] [0m[31m- values are in correct partition *** FAILED *** (26 milliseconds)[0m[0m
[0m[[0minfo[0m] [0m[31m  java.lang.NullPointerException:[0m[0m
[0m[[0minfo[0m] [0m[31m  at org.apache.spark.sql.execution.DiskHashedRelationSuite$$anonfun$1.apply$mcV$sp(DiskHashedRelationSuite.scala:20)[0m[0m
[0m[[0minfo[0m] [0m[31m  at org.apache.spark.sql.execution.DiskHashedRelationSuite$$anonfun$1.apply(DiskHashedRelationSuite.scala:15)[0m[0m
[0m[[0minfo[0m] [0m[31m  at org.apache.spark.sql.execution.DiskHashedRelationSuite$$anonfun$1.apply(DiskHashedRelationSuite.scala:15)[0m[0m
[0m[[0minfo[0m] [0m[31m  at org.scalatest.Transformer$$anonfun$apply$1.apply$mcV$sp(Transformer.scala:22)[0m[0m
[0m[[0minfo[0m] [0m[31m  at org.scalatest.OutcomeOf$class.outcomeOf(OutcomeOf.scala:85)[0m[0m
[0m[[0minfo[0m] [0m[31m  at org.scalatest.OutcomeOf$.outcomeOf(OutcomeOf.scala:104)[0m[0m
[0m[[0minfo[0m] [0m[31m  at org.scalatest.Transformer.apply(Transformer.scala:22)[0m[0m
[0m[[0minfo[0m] [0m[31m  at org.scalatest.Transformer.apply(Transformer.scala:20)[0m[0m
[0m[[0minfo[0m] [0m[31m  at org.scalatest.FunSuiteLike$$anon$1.apply(FunSuiteLike.scala:166)[0m[0m
[0m[[0minfo[0m] [0m[31m  at org.scalatest.Suite$class.withFixture(Suite.scala:1122)[0m[0m
[0m[[0minfo[0m] [0m[31m  at org.scalatest.FunSuite.withFixture(FunSuite.scala:1555)[0m[0m
[0m[[0minfo[0m] [0m[31m  at org.scalatest.FunSuiteLike$class.invokeWithFixture$1(FunSuiteLike.scala:163)[0m[0m
[0m[[0minfo[0m] [0m[31m  at org.scalatest.FunSuiteLike$$anonfun$runTest$1.apply(FunSuiteLike.scala:175)[0m[0m
[0m[[0minfo[0m] [0m[31m  at org.scalatest.FunSuiteLike$$anonfun$runTest$1.apply(FunSuiteLike.scala:175)[0m[0m
[0m[[0minfo[0m] [0m[31m  at org.scalatest.SuperEngine.runTestImpl(Engine.scala:306)[0m[0m
[0m[[0minfo[0m] [0m[31m  at org.scalatest.FunSuiteLike$class.runTest(FunSuiteLike.scala:175)[0m[0m
[0m[[0minfo[0m] [0m[31m  at org.scalatest.FunSuite.runTest(FunSuite.scala:1555)[0m[0m
[0m[[0minfo[0m] [0m[31m  at org.scalatest.FunSuiteLike$$anonfun$runTests$1.apply(FunSuiteLike.scala:208)[0m[0m
[0m[[0minfo[0m] [0m[31m  at org.scalatest.FunSuiteLike$$anonfun$runTests$1.apply(FunSuiteLike.scala:208)[0m[0m
[0m[[0minfo[0m] [0m[31m  at org.scalatest.SuperEngine$$anonfun$traverseSubNodes$1$1.apply(Engine.scala:413)[0m[0m
[0m[[0minfo[0m] [0m[31m  at org.scalatest.SuperEngine$$anonfun$traverseSubNodes$1$1.apply(Engine.scala:401)[0m[0m
[0m[[0minfo[0m] [0m[31m  at scala.collection.immutable.List.foreach(List.scala:318)[0m[0m
[0m[[0minfo[0m] [0m[31m  at org.scalatest.SuperEngine.traverseSubNodes$1(Engine.scala:401)[0m[0m
[0m[[0minfo[0m] [0m[31m  at org.scalatest.SuperEngine.org$scalatest$SuperEngine$$runTestsInBranch(Engine.scala:396)[0m[0m
[0m[[0minfo[0m] [0m[31m  at org.scalatest.SuperEngine.runTestsImpl(Engine.scala:483)[0m[0m
[0m[[0minfo[0m] [0m[31m  at org.scalatest.FunSuiteLike$class.runTests(FunSuiteLike.scala:208)[0m[0m
[0m[[0minfo[0m] [0m[31m  at org.scalatest.FunSuite.runTests(FunSuite.scala:1555)[0m[0m
[0m[[0minfo[0m] [0m[31m  at org.scalatest.Suite$class.run(Suite.scala:1424)[0m[0m
[0m[[0minfo[0m] [0m[31m  at org.scalatest.FunSuite.org$scalatest$FunSuiteLike$$super$run(FunSuite.scala:1555)[0m[0m
[0m[[0minfo[0m] [0m[31m  at org.scalatest.FunSuiteLike$$anonfun$run$1.apply(FunSuiteLike.scala:212)[0m[0m
[0m[[0minfo[0m] [0m[31m  at org.scalatest.FunSuiteLike$$anonfun$run$1.apply(FunSuiteLike.scala:212)[0m[0m
[0m[[0minfo[0m] [0m[31m  at org.scalatest.SuperEngine.runImpl(Engine.scala:545)[0m[0m
[0m[[0minfo[0m] [0m[31m  at org.scalatest.FunSuiteLike$class.run(FunSuiteLike.scala:212)[0m[0m
[0m[[0minfo[0m] [0m[31m  at org.scalatest.FunSuite.run(FunSuite.scala:1555)[0m[0m
[0m[[0minfo[0m] [0m[31m  at org.scalatest.tools.Framework.org$scalatest$tools$Framework$$runSuite(Framework.scala:462)[0m[0m
[0m[[0minfo[0m] [0m[31m  at org.scalatest.tools.Framework$ScalaTestTask.execute(Framework.scala:671)[0m[0m
[0m[[0minfo[0m] [0m[31m  at sbt.ForkMain$Run$2.call(ForkMain.java:294)[0m[0m
[0m[[0minfo[0m] [0m[31m  at sbt.ForkMain$Run$2.call(ForkMain.java:284)[0m[0m
[0m[[0minfo[0m] [0m[31m  at java.util.concurrent.FutureTask.run(FutureTask.java:266)[0m[0m
[0m[[0minfo[0m] [0m[31m  at java.util.concurrent.ThreadPoolExecutor.runWorker(ThreadPoolExecutor.java:1142)[0m[0m
[0m[[0minfo[0m] [0m[31m  at java.util.concurrent.ThreadPoolExecutor$Worker.run(ThreadPoolExecutor.java:617)[0m[0m
[0m[[0minfo[0m] [0m[31m  at java.lang.Thread.run(Thread.java:745)[0m[0m
[0m[[0minfo[0m] [0m[31m- empty input *** FAILED *** (12 milliseconds)[0m[0m
[0m[[0minfo[0m] [0m[31m  java.lang.NullPointerException:[0m[0m
[0m[[0minfo[0m] [0m[31m  at org.apache.spark.sql.execution.DiskHashedRelationSuite$$anonfun$2.apply$mcV$sp(DiskHashedRelationSuite.scala:32)[0m[0m
[0m[[0minfo[0m] [0m[31m  at org.apache.spark.sql.execution.DiskHashedRelationSuite$$anonfun$2.apply(DiskHashedRelationSuite.scala:28)[0m[0m
[0m[[0minfo[0m] [0m[31m  at org.apache.spark.sql.execution.DiskHashedRelationSuite$$anonfun$2.apply(DiskHashedRelationSuite.scala:28)[0m[0m
[0m[[0minfo[0m] [0m[31m  at org.scalatest.Transformer$$anonfun$apply$1.apply$mcV$sp(Transformer.scala:22)[0m[0m
[0m[[0minfo[0m] [0m[31m  at org.scalatest.OutcomeOf$class.outcomeOf(OutcomeOf.scala:85)[0m[0m
[0m[[0minfo[0m] [0m[31m  at org.scalatest.OutcomeOf$.outcomeOf(OutcomeOf.scala:104)[0m[0m
[0m[[0minfo[0m] [0m[31m  at org.scalatest.Transformer.apply(Transformer.scala:22)[0m[0m
[0m[[0minfo[0m] [0m[31m  at org.scalatest.Transformer.apply(Transformer.scala:20)[0m[0m
[0m[[0minfo[0m] [0m[31m  at org.scalatest.FunSuiteLike$$anon$1.apply(FunSuiteLike.scala:166)[0m[0m
[0m[[0minfo[0m] [0m[31m  at org.scalatest.Suite$class.withFixture(Suite.scala:1122)[0m[0m
[0m[[0minfo[0m] [0m[31m  at org.scalatest.FunSuite.withFixture(FunSuite.scala:1555)[0m[0m
[0m[[0minfo[0m] [0m[31m  at org.scalatest.FunSuiteLike$class.invokeWithFixture$1(FunSuiteLike.scala:163)[0m[0m
[0m[[0minfo[0m] [0m[31m  at org.scalatest.FunSuiteLike$$anonfun$runTest$1.apply(FunSuiteLike.scala:175)[0m[0m
[0m[[0minfo[0m] [0m[31m  at org.scalatest.FunSuiteLike$$anonfun$runTest$1.apply(FunSuiteLike.scala:175)[0m[0m
[0m[[0minfo[0m] [0m[31m  at org.scalatest.SuperEngine.runTestImpl(Engine.scala:306)[0m[0m
[0m[[0minfo[0m] [0m[31m  at org.scalatest.FunSuiteLike$class.runTest(FunSuiteLike.scala:175)[0m[0m
[0m[[0minfo[0m] [0m[31m  at org.scalatest.FunSuite.runTest(FunSuite.scala:1555)[0m[0m
[0m[[0minfo[0m] [0m[31m  at org.scalatest.FunSuiteLike$$anonfun$runTests$1.apply(FunSuiteLike.scala:208)[0m[0m
[0m[[0minfo[0m] [0m[31m  at org.scalatest.FunSuiteLike$$anonfun$runTests$1.apply(FunSuiteLike.scala:208)[0m[0m
[0m[[0minfo[0m] [0m[31m  at org.scalatest.SuperEngine$$anonfun$traverseSubNodes$1$1.apply(Engine.scala:413)[0m[0m
[0m[[0minfo[0m] [0m[31m  at org.scalatest.SuperEngine$$anonfun$traverseSubNodes$1$1.apply(Engine.scala:401)[0m[0m
[0m[[0minfo[0m] [0m[31m  at scala.collection.immutable.List.foreach(List.scala:318)[0m[0m
[0m[[0minfo[0m] [0m[31m  at org.scalatest.SuperEngine.traverseSubNodes$1(Engine.scala:401)[0m[0m
[0m[[0minfo[0m] [0m[31m  at org.scalatest.SuperEngine.org$scalatest$SuperEngine$$runTestsInBranch(Engine.scala:396)[0m[0m
[0m[[0minfo[0m] [0m[31m  at org.scalatest.SuperEngine.runTestsImpl(Engine.scala:483)[0m[0m
[0m[[0minfo[0m] [0m[31m  at org.scalatest.FunSuiteLike$class.runTests(FunSuiteLike.scala:208)[0m[0m
[0m[[0minfo[0m] [0m[31m  at org.scalatest.FunSuite.runTests(FunSuite.scala:1555)[0m[0m
[0m[[0minfo[0m] [0m[31m  at org.scalatest.Suite$class.run(Suite.scala:1424)[0m[0m
[0m[[0minfo[0m] [0m[31m  at org.scalatest.FunSuite.org$scalatest$FunSuiteLike$$super$run(FunSuite.scala:1555)[0m[0m
[0m[[0minfo[0m] [0m[31m  at org.scalatest.FunSuiteLike$$anonfun$run$1.apply(FunSuiteLike.scala:212)[0m[0m
[0m[[0minfo[0m] [0m[31m  at org.scalatest.FunSuiteLike$$anonfun$run$1.apply(FunSuiteLike.scala:212)[0m[0m
[0m[[0minfo[0m] [0m[31m  at org.scalatest.SuperEngine.runImpl(Engine.scala:545)[0m[0m
[0m[[0minfo[0m] [0m[31m  at org.scalatest.FunSuiteLike$class.run(FunSuiteLike.scala:212)[0m[0m
[0m[[0minfo[0m] [0m[31m  at org.scalatest.FunSuite.run(FunSuite.scala:1555)[0m[0m
[0m[[0minfo[0m] [0m[31m  at org.scalatest.tools.Framework.org$scalatest$tools$Framework$$runSuite(Framework.scala:462)[0m[0m
[0m[[0minfo[0m] [0m[31m  at org.scalatest.tools.Framework$ScalaTestTask.execute(Framework.scala:671)[0m[0m
[0m[[0minfo[0m] [0m[31m  at sbt.ForkMain$Run$2.call(ForkMain.java:294)[0m[0m
[0m[[0minfo[0m] [0m[31m  at sbt.ForkMain$Run$2.call(ForkMain.java:284)[0m[0m
[0m[[0minfo[0m] [0m[31m  at java.util.concurrent.FutureTask.run(FutureTask.java:266)[0m[0m
[0m[[0minfo[0m] [0m[31m  at java.util.concurrent.ThreadPoolExecutor.runWorker(ThreadPoolExecutor.java:1142)[0m[0m
[0m[[0minfo[0m] [0m[31m  at java.util.concurrent.ThreadPoolExecutor$Worker.run(ThreadPoolExecutor.java:617)[0m[0m
[0m[[0minfo[0m] [0m[31m  at java.lang.Thread.run(Thread.java:745)[0m[0m
[0m[[0mdebug[0m] [0m    Produced 0 nested tasks and 2 events.[0m
[0m[[0mdebug[0m] [0m  Running TaskDef(org.apache.spark.sql.execution.CS143UtilsSuite, sbt.ForkMain$SubclassFingerscan@264e0457, false, [SuiteSelector])[0m
[0m[[0minfo[0m] [0m[32mCS143UtilsSuite:[0m[0m
[0m[[0minfo[0m] [0m[31m- caching iterator *** FAILED *** (76 milliseconds)[0m[0m
[0m[[0minfo[0m] [0m[31m  result.hasNext was false (CS143UtilsSuite.scala:33)[0m[0m
[0m[[0minfo[0m] [0m[31m  org.scalatest.exceptions.TestFailedException:[0m[0m
[0m[[0minfo[0m] [0m[31m  at org.scalatest.Assertions$class.newAssertionFailedException(Assertions.scala:500)[0m[0m
[0m[[0minfo[0m] [0m[31m  at org.scalatest.FunSuite.newAssertionFailedException(FunSuite.scala:1555)[0m[0m
[0m[[0minfo[0m] [0m[31m  at org.scalatest.Assertions$AssertionsHelper.macroAssert(Assertions.scala:466)[0m[0m
[0m[[0minfo[0m] [0m[31m  at org.apache.spark.sql.execution.CS143UtilsSuite$$anonfun$1.apply$mcV$sp(CS143UtilsSuite.scala:33)[0m[0m
[0m[[0minfo[0m] [0m[31m  at org.apache.spark.sql.execution.CS143UtilsSuite$$anonfun$1.apply(CS143UtilsSuite.scala:21)[0m[0m
[0m[[0minfo[0m] [0m[31m  at org.apache.spark.sql.execution.CS143UtilsSuite$$anonfun$1.apply(CS143UtilsSuite.scala:21)[0m[0m
[0m[[0minfo[0m] [0m[31m  at org.scalatest.Transformer$$anonfun$apply$1.apply$mcV$sp(Transformer.scala:22)[0m[0m
[0m[[0minfo[0m] [0m[31m  at org.scalatest.OutcomeOf$class.outcomeOf(OutcomeOf.scala:85)[0m[0m
[0m[[0minfo[0m] [0m[31m  at org.scalatest.OutcomeOf$.outcomeOf(OutcomeOf.scala:104)[0m[0m
[0m[[0minfo[0m] [0m[31m  at org.scalatest.Transformer.apply(Transformer.scala:22)[0m[0m
[0m[[0minfo[0m] [0m[31m  at org.scalatest.Transformer.apply(Transformer.scala:20)[0m[0m
[0m[[0minfo[0m] [0m[31m  at org.scalatest.FunSuiteLike$$anon$1.apply(FunSuiteLike.scala:166)[0m[0m
[0m[[0minfo[0m] [0m[31m  at org.scalatest.Suite$class.withFixture(Suite.scala:1122)[0m[0m
[0m[[0minfo[0m] [0m[31m  at org.scalatest.FunSuite.withFixture(FunSuite.scala:1555)[0m[0m
[0m[[0minfo[0m] [0m[31m  at org.scalatest.FunSuiteLike$class.invokeWithFixture$1(FunSuiteLike.scala:163)[0m[0m
[0m[[0minfo[0m] [0m[31m  at org.scalatest.FunSuiteLike$$anonfun$runTest$1.apply(FunSuiteLike.scala:175)[0m[0m
[0m[[0minfo[0m] [0m[31m  at org.scalatest.FunSuiteLike$$anonfun$runTest$1.apply(FunSuiteLike.scala:175)[0m[0m
[0m[[0minfo[0m] [0m[31m  at org.scalatest.SuperEngine.runTestImpl(Engine.scala:306)[0m[0m
[0m[[0minfo[0m] [0m[31m  at org.scalatest.FunSuiteLike$class.runTest(FunSuiteLike.scala:175)[0m[0m
[0m[[0minfo[0m] [0m[31m  at org.scalatest.FunSuite.runTest(FunSuite.scala:1555)[0m[0m
[0m[[0minfo[0m] [0m[31m  at org.scalatest.FunSuiteLike$$anonfun$runTests$1.apply(FunSuiteLike.scala:208)[0m[0m
[0m[[0minfo[0m] [0m[31m  at org.scalatest.FunSuiteLike$$anonfun$runTests$1.apply(FunSuiteLike.scala:208)[0m[0m
[0m[[0minfo[0m] [0m[31m  at org.scalatest.SuperEngine$$anonfun$traverseSubNodes$1$1.apply(Engine.scala:413)[0m[0m
[0m[[0minfo[0m] [0m[31m  at org.scalatest.SuperEngine$$anonfun$traverseSubNodes$1$1.apply(Engine.scala:401)[0m[0m
[0m[[0minfo[0m] [0m[31m  at scala.collection.immutable.List.foreach(List.scala:318)[0m[0m
[0m[[0minfo[0m] [0m[31m  at org.scalatest.SuperEngine.traverseSubNodes$1(Engine.scala:401)[0m[0m
[0m[[0minfo[0m] [0m[31m  at org.scalatest.SuperEngine.org$scalatest$SuperEngine$$runTestsInBranch(Engine.scala:396)[0m[0m
[0m[[0minfo[0m] [0m[31m  at org.scalatest.SuperEngine.runTestsImpl(Engine.scala:483)[0m[0m
[0m[[0minfo[0m] [0m[31m  at org.scalatest.FunSuiteLike$class.runTests(FunSuiteLike.scala:208)[0m[0m
[0m[[0minfo[0m] [0m[31m  at org.scalatest.FunSuite.runTests(FunSuite.scala:1555)[0m[0m
[0m[[0minfo[0m] [0m[31m  at org.scalatest.Suite$class.run(Suite.scala:1424)[0m[0m
[0m[[0minfo[0m] [0m[31m  at org.scalatest.FunSuite.org$scalatest$FunSuiteLike$$super$run(FunSuite.scala:1555)[0m[0m
[0m[[0minfo[0m] [0m[31m  at org.scalatest.FunSuiteLike$$anonfun$run$1.apply(FunSuiteLike.scala:212)[0m[0m
[0m[[0minfo[0m] [0m[31m  at org.scalatest.FunSuiteLike$$anonfun$run$1.apply(FunSuiteLike.scala:212)[0m[0m
[0m[[0minfo[0m] [0m[31m  at org.scalatest.SuperEngine.runImpl(Engine.scala:545)[0m[0m
[0m[[0minfo[0m] [0m[31m  at org.scalatest.FunSuiteLike$class.run(FunSuiteLike.scala:212)[0m[0m
[0m[[0minfo[0m] [0m[31m  at org.scalatest.FunSuite.run(FunSuite.scala:1555)[0m[0m
[0m[[0minfo[0m] [0m[31m  at org.scalatest.tools.Framework.org$scalatest$tools$Framework$$runSuite(Framework.scala:462)[0m[0m
[0m[[0minfo[0m] [0m[31m  at org.scalatest.tools.Framework$ScalaTestTask.execute(Framework.scala:671)[0m[0m
[0m[[0minfo[0m] [0m[31m  at sbt.ForkMain$Run$2.call(ForkMain.java:294)[0m[0m
[0m[[0minfo[0m] [0m[31m  at sbt.ForkMain$Run$2.call(ForkMain.java:284)[0m[0m
[0m[[0minfo[0m] [0m[31m  at java.util.concurrent.FutureTask.run(FutureTask.java:266)[0m[0m
[0m[[0minfo[0m] [0m[31m  at java.util.concurrent.ThreadPoolExecutor.runWorker(ThreadPoolExecutor.java:1142)[0m[0m
[0m[[0minfo[0m] [0m[31m  at java.util.concurrent.ThreadPoolExecutor$Worker.run(ThreadPoolExecutor.java:617)[0m[0m
[0m[[0minfo[0m] [0m[31m  at java.lang.Thread.run(Thread.java:745)[0m[0m
[0m[[0minfo[0m] [0m[31m- sequence with 1 UDF *** FAILED *** (34 milliseconds)[0m[0m
[0m[[0minfo[0m] [0m[31m  null did not equal scalaUDF(sid#0) (CS143UtilsSuite.scala:45)[0m[0m
[0m[[0minfo[0m] [0m[31m  org.scalatest.exceptions.TestFailedException:[0m[0m
[0m[[0minfo[0m] [0m[31m  at org.scalatest.Assertions$class.newAssertionFailedException(Assertions.scala:500)[0m[0m
[0m[[0minfo[0m] [0m[31m  at org.scalatest.FunSuite.newAssertionFailedException(FunSuite.scala:1555)[0m[0m
[0m[[0minfo[0m] [0m[31m  at org.scalatest.Assertions$AssertionsHelper.macroAssert(Assertions.scala:466)[0m[0m
[0m[[0minfo[0m] [0m[31m  at org.apache.spark.sql.execution.CS143UtilsSuite$$anonfun$3.apply$mcV$sp(CS143UtilsSuite.scala:45)[0m[0m
[0m[[0minfo[0m] [0m[31m  at org.apache.spark.sql.execution.CS143UtilsSuite$$anonfun$3.apply(CS143UtilsSuite.scala:41)[0m[0m
[0m[[0minfo[0m] [0m[31m  at org.apache.spark.sql.execution.CS143UtilsSuite$$anonfun$3.apply(CS143UtilsSuite.scala:41)[0m[0m
[0m[[0minfo[0m] [0m[31m  at org.scalatest.Transformer$$anonfun$apply$1.apply$mcV$sp(Transformer.scala:22)[0m[0m
[0m[[0minfo[0m] [0m[31m  at org.scalatest.OutcomeOf$class.outcomeOf(OutcomeOf.scala:85)[0m[0m
[0m[[0minfo[0m] [0m[31m  at org.scalatest.OutcomeOf$.outcomeOf(OutcomeOf.scala:104)[0m[0m
[0m[[0minfo[0m] [0m[31m  at org.scalatest.Transformer.apply(Transformer.scala:22)[0m[0m
[0m[[0minfo[0m] [0m[31m  at org.scalatest.Transformer.apply(Transformer.scala:20)[0m[0m
[0m[[0minfo[0m] [0m[31m  at org.scalatest.FunSuiteLike$$anon$1.apply(FunSuiteLike.scala:166)[0m[0m
[0m[[0minfo[0m] [0m[31m  at org.scalatest.Suite$class.withFixture(Suite.scala:1122)[0m[0m
[0m[[0minfo[0m] [0m[31m  at org.scalatest.FunSuite.withFixture(FunSuite.scala:1555)[0m[0m
[0m[[0minfo[0m] [0m[31m  at org.scalatest.FunSuiteLike$class.invokeWithFixture$1(FunSuiteLike.scala:163)[0m[0m
[0m[[0minfo[0m] [0m[31m  at org.scalatest.FunSuiteLike$$anonfun$runTest$1.apply(FunSuiteLike.scala:175)[0m[0m
[0m[[0minfo[0m] [0m[31m  at org.scalatest.FunSuiteLike$$anonfun$runTest$1.apply(FunSuiteLike.scala:175)[0m[0m
[0m[[0minfo[0m] [0m[31m  at org.scalatest.SuperEngine.runTestImpl(Engine.scala:306)[0m[0m
[0m[[0minfo[0m] [0m[31m  at org.scalatest.FunSuiteLike$class.runTest(FunSuiteLike.scala:175)[0m[0m
[0m[[0minfo[0m] [0m[31m  at org.scalatest.FunSuite.runTest(FunSuite.scala:1555)[0m[0m
[0m[[0minfo[0m] [0m[31m  at org.scalatest.FunSuiteLike$$anonfun$runTests$1.apply(FunSuiteLike.scala:208)[0m[0m
[0m[[0minfo[0m] [0m[31m  at org.scalatest.FunSuiteLike$$anonfun$runTests$1.apply(FunSuiteLike.scala:208)[0m[0m
[0m[[0minfo[0m] [0m[31m  at org.scalatest.SuperEngine$$anonfun$traverseSubNodes$1$1.apply(Engine.scala:413)[0m[0m
[0m[[0minfo[0m] [0m[31m  at org.scalatest.SuperEngine$$anonfun$traverseSubNodes$1$1.apply(Engine.scala:401)[0m[0m
[0m[[0minfo[0m] [0m[31m  at scala.collection.immutable.List.foreach(List.scala:318)[0m[0m
[0m[[0minfo[0m] [0m[31m  at org.scalatest.SuperEngine.traverseSubNodes$1(Engine.scala:401)[0m[0m
[0m[[0minfo[0m] [0m[31m  at org.scalatest.SuperEngine.org$scalatest$SuperEngine$$runTestsInBranch(Engine.scala:396)[0m[0m
[0m[[0minfo[0m] [0m[31m  at org.scalatest.SuperEngine.runTestsImpl(Engine.scala:483)[0m[0m
[0m[[0minfo[0m] [0m[31m  at org.scalatest.FunSuiteLike$class.runTests(FunSuiteLike.scala:208)[0m[0m
[0m[[0minfo[0m] [0m[31m  at org.scalatest.FunSuite.runTests(FunSuite.scala:1555)[0m[0m
[0m[[0minfo[0m] [0m[31m  at org.scalatest.Suite$class.run(Suite.scala:1424)[0m[0m
[0m[[0minfo[0m] [0m[31m  at org.scalatest.FunSuite.org$scalatest$FunSuiteLike$$super$run(FunSuite.scala:1555)[0m[0m
[0m[[0minfo[0m] [0m[31m  at org.scalatest.FunSuiteLike$$anonfun$run$1.apply(FunSuiteLike.scala:212)[0m[0m
[0m[[0minfo[0m] [0m[31m  at org.scalatest.FunSuiteLike$$anonfun$run$1.apply(FunSuiteLike.scala:212)[0m[0m
[0m[[0minfo[0m] [0m[31m  at org.scalatest.SuperEngine.runImpl(Engine.scala:545)[0m[0m
[0m[[0minfo[0m] [0m[31m  at org.scalatest.FunSuiteLike$class.run(FunSuiteLike.scala:212)[0m[0m
[0m[[0minfo[0m] [0m[31m  at org.scalatest.FunSuite.run(FunSuite.scala:1555)[0m[0m
[0m[[0minfo[0m] [0m[31m  at org.scalatest.tools.Framework.org$scalatest$tools$Framework$$runSuite(Framework.scala:462)[0m[0m
[0m[[0minfo[0m] [0m[31m  at org.scalatest.tools.Framework$ScalaTestTask.execute(Framework.scala:671)[0m[0m
[0m[[0minfo[0m] [0m[31m  at sbt.ForkMain$Run$2.call(ForkMain.java:294)[0m[0m
[0m[[0minfo[0m] [0m[31m  at sbt.ForkMain$Run$2.call(ForkMain.java:284)[0m[0m
[0m[[0minfo[0m] [0m[31m  at java.util.concurrent.FutureTask.run(FutureTask.java:266)[0m[0m
[0m[[0minfo[0m] [0m[31m  at java.util.concurrent.ThreadPoolExecutor.runWorker(ThreadPoolExecutor.java:1142)[0m[0m
[0m[[0minfo[0m] [0m[31m  at java.util.concurrent.ThreadPoolExecutor$Worker.run(ThreadPoolExecutor.java:617)[0m[0m
[0m[[0minfo[0m] [0m[31m  at java.lang.Thread.run(Thread.java:745)[0m[0m
[0m[[0mdebug[0m] [0m    Produced 0 nested tasks and 2 events.[0m
[0m[[0mdebug[0m] [0m  Running TaskDef(org.apache.spark.sql.execution.ProjectSuite, sbt.ForkMain$SubclassFingerscan@7ca09438, false, [SuiteSelector])[0m
[0m[[0minfo[0m] [0m[32mProjectSuite:[0m[0m
[0m[[0minfo[0m] [0m[31m- PartitionProject *** FAILED *** (2 seconds, 771 milliseconds)[0m[0m
[0m[[0minfo[0m] [0m[31m  Set() did not contain GenericRow(2) (ProjectSuite.scala:39)[0m[0m
[0m[[0minfo[0m] [0m[31m  org.scalatest.exceptions.TestFailedException:[0m[0m
[0m[[0minfo[0m] [0m[31m  at org.scalatest.Assertions$class.newAssertionFailedException(Assertions.scala:500)[0m[0m
[0m[[0minfo[0m] [0m[31m  at org.scalatest.FunSuite.newAssertionFailedException(FunSuite.scala:1555)[0m[0m
[0m[[0minfo[0m] [0m[31m  at org.scalatest.Assertions$AssertionsHelper.macroAssert(Assertions.scala:466)[0m[0m
[0m[[0minfo[0m] [0m[31m  at org.apache.spark.sql.execution.ProjectSuite$$anonfun$2$$anonfun$apply$mcV$sp$1.apply$mcVI$sp(ProjectSuite.scala:39)[0m[0m
[0m[[0minfo[0m] [0m[31m  at scala.collection.immutable.Range.foreach$mVc$sp(Range.scala:141)[0m[0m
[0m[[0minfo[0m] [0m[31m  at org.apache.spark.sql.execution.ProjectSuite$$anonfun$2.apply$mcV$sp(ProjectSuite.scala:39)[0m[0m
[0m[[0minfo[0m] [0m[31m  at org.apache.spark.sql.execution.ProjectSuite$$anonfun$2.apply(ProjectSuite.scala:33)[0m[0m
[0m[[0minfo[0m] [0m[31m  at org.apache.spark.sql.execution.ProjectSuite$$anonfun$2.apply(ProjectSuite.scala:33)[0m[0m
[0m[[0minfo[0m] [0m[31m  at org.scalatest.Transformer$$anonfun$apply$1.apply$mcV$sp(Transformer.scala:22)[0m[0m
[0m[[0minfo[0m] [0m[31m  at org.scalatest.OutcomeOf$class.outcomeOf(OutcomeOf.scala:85)[0m[0m
[0m[[0minfo[0m] [0m[31m  at org.scalatest.OutcomeOf$.outcomeOf(OutcomeOf.scala:104)[0m[0m
[0m[[0minfo[0m] [0m[31m  at org.scalatest.Transformer.apply(Transformer.scala:22)[0m[0m
[0m[[0minfo[0m] [0m[31m  at org.scalatest.Transformer.apply(Transformer.scala:20)[0m[0m
[0m[[0minfo[0m] [0m[31m  at org.scalatest.FunSuiteLike$$anon$1.apply(FunSuiteLike.scala:166)[0m[0m
[0m[[0minfo[0m] [0m[31m  at org.scalatest.Suite$class.withFixture(Suite.scala:1122)[0m[0m
[0m[[0minfo[0m] [0m[31m  at org.scalatest.FunSuite.withFixture(FunSuite.scala:1555)[0m[0m
[0m[[0minfo[0m] [0m[31m  at org.scalatest.FunSuiteLike$class.invokeWithFixture$1(FunSuiteLike.scala:163)[0m[0m
[0m[[0minfo[0m] [0m[31m  at org.scalatest.FunSuiteLike$$anonfun$runTest$1.apply(FunSuiteLike.scala:175)[0m[0m
[0m[[0minfo[0m] [0m[31m  at org.scalatest.FunSuiteLike$$anonfun$runTest$1.apply(FunSuiteLike.scala:175)[0m[0m
[0m[[0minfo[0m] [0m[31m  at org.scalatest.SuperEngine.runTestImpl(Engine.scala:306)[0m[0m
[0m[[0minfo[0m] [0m[31m  at org.scalatest.FunSuiteLike$class.runTest(FunSuiteLike.scala:175)[0m[0m
[0m[[0minfo[0m] [0m[31m  at org.scalatest.FunSuite.runTest(FunSuite.scala:1555)[0m[0m
[0m[[0minfo[0m] [0m[31m  at org.scalatest.FunSuiteLike$$anonfun$runTests$1.apply(FunSuiteLike.scala:208)[0m[0m
[0m[[0minfo[0m] [0m[31m  at org.scalatest.FunSuiteLike$$anonfun$runTests$1.apply(FunSuiteLike.scala:208)[0m[0m
[0m[[0minfo[0m] [0m[31m  at org.scalatest.SuperEngine$$anonfun$traverseSubNodes$1$1.apply(Engine.scala:413)[0m[0m
[0m[[0minfo[0m] [0m[31m  at org.scalatest.SuperEngine$$anonfun$traverseSubNodes$1$1.apply(Engine.scala:401)[0m[0m
[0m[[0minfo[0m] [0m[31m  at scala.collection.immutable.List.foreach(List.scala:318)[0m[0m
[0m[[0minfo[0m] [0m[31m  at org.scalatest.SuperEngine.traverseSubNodes$1(Engine.scala:401)[0m[0m
[0m[[0minfo[0m] [0m[31m  at org.scalatest.SuperEngine.org$scalatest$SuperEngine$$runTestsInBranch(Engine.scala:396)[0m[0m
[0m[[0minfo[0m] [0m[31m  at org.scalatest.SuperEngine.runTestsImpl(Engine.scala:483)[0m[0m
[0m[[0minfo[0m] [0m[31m  at org.scalatest.FunSuiteLike$class.runTests(FunSuiteLike.scala:208)[0m[0m
[0m[[0minfo[0m] [0m[31m  at org.scalatest.FunSuite.runTests(FunSuite.scala:1555)[0m[0m
[0m[[0minfo[0m] [0m[31m  at org.scalatest.Suite$class.run(Suite.scala:1424)[0m[0m
[0m[[0minfo[0m] [0m[31m  at org.scalatest.FunSuite.org$scalatest$FunSuiteLike$$super$run(FunSuite.scala:1555)[0m[0m
[0m[[0minfo[0m] [0m[31m  at org.scalatest.FunSuiteLike$$anonfun$run$1.apply(FunSuiteLike.scala:212)[0m[0m
[0m[[0minfo[0m] [0m[31m  at org.scalatest.FunSuiteLike$$anonfun$run$1.apply(FunSuiteLike.scala:212)[0m[0m
[0m[[0minfo[0m] [0m[31m  at org.scalatest.SuperEngine.runImpl(Engine.scala:545)[0m[0m
[0m[[0minfo[0m] [0m[31m  at org.scalatest.FunSuiteLike$class.run(FunSuiteLike.scala:212)[0m[0m
[0m[[0minfo[0m] [0m[31m  at org.scalatest.FunSuite.run(FunSuite.scala:1555)[0m[0m
[0m[[0minfo[0m] [0m[31m  at org.scalatest.tools.Framework.org$scalatest$tools$Framework$$runSuite(Framework.scala:462)[0m[0m
[0m[[0minfo[0m] [0m[31m  at org.scalatest.tools.Framework$ScalaTestTask.execute(Framework.scala:671)[0m[0m
[0m[[0minfo[0m] [0m[31m  at sbt.ForkMain$Run$2.call(ForkMain.java:294)[0m[0m
[0m[[0minfo[0m] [0m[31m  at sbt.ForkMain$Run$2.call(ForkMain.java:284)[0m[0m
[0m[[0minfo[0m] [0m[31m  at java.util.concurrent.FutureTask.run(FutureTask.java:266)[0m[0m
[0m[[0minfo[0m] [0m[31m  at java.util.concurrent.ThreadPoolExecutor.runWorker(ThreadPoolExecutor.java:1142)[0m[0m
[0m[[0minfo[0m] [0m[31m  at java.util.concurrent.ThreadPoolExecutor$Worker.run(ThreadPoolExecutor.java:617)[0m[0m
[0m[[0minfo[0m] [0m[31m  at java.lang.Thread.run(Thread.java:745)[0m[0m
[0m[[0mdebug[0m] [0m    Produced 0 nested tasks and 1 events.[0m
[0m[[0mdebug[0m] [0mRunner for sbt.FrameworkWrapper produced 0 initial tasks for 0 tests.[0m
[0m[[0mdebug[0m] [0mSummary for ScalaCheck not available.[0m
[0m[[0minfo[0m] [0mScalaTest[0m
[0m[[0minfo[0m] [0m[36mRun completed in 15 seconds, 112 milliseconds.[0m[0m
[0m[[0minfo[0m] [0m[36mTotal number of tests run: 7[0m[0m
[0m[[0minfo[0m] [0m[36mSuites: completed 4, aborted 0[0m[0m
[0m[[0minfo[0m] [0m[36mTests: succeeded 0, failed 7, canceled 0, ignored 0, pending 0[0m[0m
[0m[[0minfo[0m] [0m[31m*** 7 TESTS FAILED ***[0m[0m
[0m[[0mdebug[0m] [0mSummary for JUnit not available.[0m
[0m[[31merror[0m] [0mFailed: Total 7, Failed 7, Errors 0, Passed 0[0m
[0m[[31merror[0m] [0mFailed tests:[0m
[0m[[31merror[0m] [0m	org.apache.spark.sql.execution.ProjectSuite[0m
[0m[[31merror[0m] [0m	org.apache.spark.sql.execution.CS143UtilsSuite[0m
[0m[[31merror[0m] [0m	org.apache.spark.sql.execution.DiskPartitionSuite[0m
[0m[[31merror[0m] [0m	org.apache.spark.sql.execution.DiskHashedRelationSuite[0m
[0m[[31merror[0m] [0m(sql/test:[31mtestOnly[0m) sbt.TestsFailedException: Tests unsuccessful[0m
